09:57:36am INFO This is info
09:57:36am WARNING This is warning
09:57:36am ERROR This is error
09:57:36am DEBUG this is debug
09:57:36am FAILURE this is fail
09:57:36am ERROR DublicateBookError
09:57:36am ERROR DublicateBookError
09:57:36am ERROR DublicateBookError
09:57:36am ERROR DublicateBookError
09:57:36am ERROR DublicateBookError
09:57:36am ERROR DublicateBookError
09:57:36am ERROR DublicateBookError
09:57:36am ERROR DublicateBookError
09:57:36am ERROR DublicateBookError
09:57:36am ERROR DublicateBookError
09:57:36am ERROR DublicateBookError
09:57:36am ERROR DublicateBookError
09:57:36am ERROR DublicateBookError
09:57:36am ERROR DublicateBookError
09:57:36am ERROR DublicateBookError
09:57:36am ERROR DublicateBookError
09:57:36am ERROR DublicateBookError
09:57:36am ERROR DublicateBookError
09:57:36am ERROR DublicateBookError
09:57:36am ERROR DublicateBookError
09:57:36am ERROR DublicateBookError
09:57:36am ERROR DublicateBookError
09:57:36am ERROR DublicateBookError
09:57:36am ERROR DublicateBookError
09:57:36am ERROR DublicateBookError
09:57:36am ERROR DublicateBookError
09:57:36am ERROR DublicateBookError
09:57:36am ERROR DublicateBookError
09:57:36am ERROR DublicateBookError
09:57:36am ERROR DublicateBookError
09:57:36am ERROR DublicateBookError
09:57:36am ERROR DublicateBookError
09:57:36am ERROR DublicateBookError
09:57:36am ERROR DublicateBookError
09:57:36am ERROR DublicateBookError
09:57:36am ERROR DublicateBookError
09:57:36am ERROR DublicateBookError
09:57:36am ERROR DublicateBookError
09:57:36am ERROR DublicateBookError
09:57:36am ERROR DublicateBookError
09:57:36am ERROR DublicateBookError
09:57:36am ERROR DublicateBookError
09:57:36am ERROR DublicateBookError
09:57:36am ERROR DublicateBookError
09:57:36am ERROR DublicateBookError
09:57:36am ERROR DublicateBookError
09:57:36am ERROR DublicateBookError
09:57:36am ERROR DublicateBookError
09:57:36am ERROR DublicateBookError
09:57:36am ERROR DublicateBookError
09:57:36am ERROR DublicateBookError
09:57:36am ERROR DublicateBookError
