2024-02-25 16:43:06 INFO Script started
2024-02-25 16:43:06 INFO Database cleared
2024-02-25 16:44:11 INFO Script finished
2024-02-25 16:44:11 INFO Run time in minutes: 1.0783105333646
2024-02-25 16:44:11 INFO Number of queries run: 6024
2024-02-25 16:51:03 INFO Script started
2024-02-25 16:51:03 INFO Database cleared
2024-02-25 16:52:01 INFO Script finished
2024-02-25 16:52:01 INFO Run time in minutes: 0.97056734959284
2024-02-25 16:52:01 INFO Number of queries run: 6024
2024-02-26 09:43:30 INFO Script started
2024-02-26 09:43:30 INFO Database cleared
2024-02-26 09:44:18 INFO Script finished
2024-02-26 09:44:18 INFO Run time in minutes: 0.79779175122579
2024-02-26 09:44:18 INFO Number of queries run: 6024
2024-02-26 11:15:34 INFO Script started
2024-02-26 11:15:34 INFO Database cleared
2024-02-26 11:16:08 FAILURE Book [40]: INVALID VALUE 40 found for [audiobook].
2024-02-26 11:16:35 INFO Script finished
2024-02-26 11:16:35 INFO Run time in minutes: 1.0225679834684
2024-02-26 11:16:35 INFO Number of queries run: 6018
2024-02-26 11:25:16 INFO Script started
2024-02-26 11:25:16 INFO Database cleared
2024-02-26 11:26:11 INFO Script finished
2024-02-26 11:26:11 INFO Run time in minutes: 0.91924401521683
2024-02-26 11:26:11 INFO Number of queries run: 6024
2024-02-26 13:27:14 INFO ---
Script started
---
2024-02-26 13:27:14 INFO Database cleared
2024-02-26 13:28:13 INFO Script finished
2024-02-26 13:28:13 INFO Run time in minutes: 0.97776744763056
2024-02-26 13:28:13 INFO Number of queries run: 6024
2024-02-26 13:32:03 INFO --> SCRIPT STARTED <--
2024-02-26 13:32:03 INFO Database cleared
2024-02-26 13:32:25 INFO Script finished
2024-02-26 13:32:25 INFO Run time in minutes: 0.35753690004349
2024-02-26 13:32:25 INFO Number of queries run: 6024
2024-02-26 14:16:49 INFO --> SCRIPT STARTED <--
2024-02-26 14:16:49 INFO Database cleared
2024-02-26 14:17:09 INFO Script finished
2024-02-26 14:17:09 INFO Run time in minutes: 0.33228344917297
2024-02-26 14:17:09 INFO Number of queries run: 6021
2024-02-26 14:23:08 INFO -->-->-->--> SCRIPT STARTED <--<--<--<--
2024-02-26 14:23:08 INFO Database cleared
2024-02-26 14:23:31 INFO Script finished
2024-02-26 14:23:31 INFO Run time in minutes: 0.38894083499908
2024-02-26 14:23:31 INFO Number of queries run: 6021
2024-02-26 14:24:09 INFO -->-->-->--> SCRIPT STARTED <--<--<--<--
2024-02-26 14:24:09 INFO Database cleared
2024-02-26 14:24:09 FAILURE Book [De reis van de lege flessen]: SQLSTATE[23000]: Integrity constraint violation: 1048 Column 'title' cannot be null
2024-02-26 14:24:09 FAILURE Book [Het huis van de moskee]: SQLSTATE[23000]: Integrity constraint violation: 1048 Column 'title' cannot be null
2024-02-26 14:24:09 FAILURE Book [Spijkerschrift]: SQLSTATE[23000]: Integrity constraint violation: 1048 Column 'title' cannot be null
2024-02-26 14:24:09 FAILURE Book [De koningin van Paramaribo]: SQLSTATE[23000]: Integrity constraint violation: 1048 Column 'title' cannot be null
2024-02-26 14:24:09 FAILURE Book [Een soort Engeland]: SQLSTATE[23000]: Integrity constraint violation: 1048 Column 'title' cannot be null
2024-02-26 14:24:09 FAILURE Book [Noodzakelijk kwaad]: SQLSTATE[23000]: Integrity constraint violation: 1048 Column 'title' cannot be null
2024-02-26 14:24:09 FAILURE Book [Confrontaties]: SQLSTATE[23000]: Integrity constraint violation: 1048 Column 'title' cannot be null
2024-02-26 14:24:09 FAILURE Book [Perenbomen bloeien wit]: SQLSTATE[23000]: Integrity constraint violation: 1048 Column 'title' cannot be null
2024-02-26 14:24:09 FAILURE Book [Lopen voor je leven]: SQLSTATE[23000]: Integrity constraint violation: 1048 Column 'title' cannot be null
2024-02-26 14:24:09 FAILURE Book [23 Seconden]: SQLSTATE[23000]: Integrity constraint violation: 1048 Column 'title' cannot be null
2024-02-26 14:24:09 FAILURE Book [Oesters van Nam Kee]: SQLSTATE[23000]: Integrity constraint violation: 1048 Column 'title' cannot be null
2024-02-26 14:24:09 FAILURE Book [Bruiloft aan zee]: SQLSTATE[23000]: Integrity constraint violation: 1048 Column 'title' cannot be null
2024-02-26 14:24:09 FAILURE Book [Hersenschimmen]: SQLSTATE[23000]: Integrity constraint violation: 1048 Column 'title' cannot be null
2024-02-26 14:24:09 FAILURE Book [Buiten is het maandag]: SQLSTATE[23000]: Integrity constraint violation: 1048 Column 'title' cannot be null
2024-02-26 14:24:09 FAILURE Book [Lieve Céline]: SQLSTATE[23000]: Integrity constraint violation: 1048 Column 'title' cannot be null
2024-02-26 14:24:09 FAILURE Book [Alles wat er was]: SQLSTATE[23000]: Integrity constraint violation: 1048 Column 'title' cannot be null
2024-02-26 14:24:09 FAILURE Book [Efter]: SQLSTATE[23000]: Integrity constraint violation: 1048 Column 'title' cannot be null
2024-02-26 14:24:09 FAILURE Book [Wat wij zagen]: SQLSTATE[23000]: Integrity constraint violation: 1048 Column 'title' cannot be null
2024-02-26 14:24:09 FAILURE Book [Wij zijn licht]: SQLSTATE[23000]: Integrity constraint violation: 1048 Column 'title' cannot be null
2024-02-26 14:24:09 FAILURE Book [De Saamhorigheidsgroep]: SQLSTATE[23000]: Integrity constraint violation: 1048 Column 'title' cannot be null
2024-02-26 14:24:09 FAILURE Book [Ze zonen van Bruce Lee]: SQLSTATE[23000]: Integrity constraint violation: 1048 Column 'title' cannot be null
2024-02-26 14:24:09 FAILURE Book [Wij zijn van diamant]: SQLSTATE[23000]: Integrity constraint violation: 1048 Column 'title' cannot be null
2024-02-26 14:24:09 FAILURE Book [Post voor mevrouw Bromley]: SQLSTATE[23000]: Integrity constraint violation: 1048 Column 'title' cannot be null
2024-02-26 14:24:09 FAILURE Book [De engelenmaker]: SQLSTATE[23000]: Integrity constraint violation: 1048 Column 'title' cannot be null
2024-02-26 14:24:09 FAILURE Book [st]: SQLSTATE[23000]: Integrity constraint violation: 1048 Column 'title' cannot be null
2024-02-26 14:24:09 FAILURE Book [Eus]: SQLSTATE[23000]: Integrity constraint violation: 1048 Column 'title' cannot be null
2024-02-26 14:24:09 FAILURE Book [Afslag 23]: SQLSTATE[23000]: Integrity constraint violation: 1048 Column 'title' cannot be null
2024-02-26 14:24:09 FAILURE Book [Een onschuldig meisje]: SQLSTATE[23000]: Integrity constraint violation: 1048 Column 'title' cannot be null
2024-02-26 14:24:09 FAILURE Book [Sneeuw]: SQLSTATE[23000]: Integrity constraint violation: 1048 Column 'title' cannot be null
2024-02-26 14:24:09 FAILURE Book [Welkom in het Rijk der Zieken]: SQLSTATE[23000]: Integrity constraint violation: 1048 Column 'title' cannot be null
2024-02-26 14:24:10 FAILURE Book [Ivanov]: SQLSTATE[23000]: Integrity constraint violation: 1048 Column 'title' cannot be null
2024-02-26 14:24:10 FAILURE Book [De tolk van Java]: SQLSTATE[23000]: Integrity constraint violation: 1048 Column 'title' cannot be null
2024-02-26 14:24:10 FAILURE Book [Erik of Het klein insectenboek]: SQLSTATE[23000]: Integrity constraint violation: 1048 Column 'title' cannot be null
2024-02-26 14:24:10 FAILURE Book [Het gym]: SQLSTATE[23000]: Integrity constraint violation: 1048 Column 'title' cannot be null
2024-02-26 14:24:10 FAILURE Book [Hajar en Daan]: SQLSTATE[23000]: Integrity constraint violation: 1048 Column 'title' cannot be null
2024-02-26 14:24:10 FAILURE Book [Loverboy]: SQLSTATE[23000]: Integrity constraint violation: 1048 Column 'title' cannot be null
2024-02-26 14:24:10 FAILURE Book [Montyn]: SQLSTATE[23000]: Integrity constraint violation: 1048 Column 'title' cannot be null
2024-02-26 14:24:10 FAILURE Book [De kapperszoon]: SQLSTATE[23000]: Integrity constraint violation: 1048 Column 'title' cannot be null
2024-02-26 14:24:10 FAILURE Book [De omweg]: SQLSTATE[23000]: Integrity constraint violation: 1048 Column 'title' cannot be null
2024-02-26 14:24:10 FAILURE Book [Boven is het stil]: SQLSTATE[23000]: Integrity constraint violation: 1048 Column 'title' cannot be null
2024-02-26 14:24:10 FAILURE Book [Paradiso]: SQLSTATE[23000]: Integrity constraint violation: 1048 Column 'title' cannot be null
2024-02-26 14:24:10 FAILURE Book [De langverwachte]: SQLSTATE[23000]: Integrity constraint violation: 1048 Column 'title' cannot be null
2024-02-26 14:24:10 FAILURE Book [Op slot]: SQLSTATE[23000]: Integrity constraint violation: 1048 Column 'title' cannot be null
2024-02-26 14:24:10 FAILURE Book [De onzichtbare jongen]: SQLSTATE[23000]: Integrity constraint violation: 1048 Column 'title' cannot be null
2024-02-26 14:24:16 INFO -->-->-->--> SCRIPT STARTED <--<--<--<--
2024-02-26 14:24:16 INFO Database cleared
2024-02-26 14:24:41 INFO Script finished
2024-02-26 14:24:41 INFO Run time in minutes: 0.42972575028737
2024-02-26 14:24:41 INFO Number of queries run: 6021
2024-02-26 18:35:19 INFO -->-->-->--> SCRIPT STARTED <--<--<--<--
2024-02-26 18:35:19 INFO Database cleared
2024-02-26 18:36:10 INFO Script finished
2024-02-26 18:36:10 INFO Run time in minutes: 0.84669378201167
2024-02-26 18:36:10 INFO Number of queries run: 6021
2024-02-27 18:41:37 INFO -->-->-->--> SCRIPT STARTED <--<--<--<--
2024-02-27 18:41:37 INFO Database cleared
2024-02-27 18:42:27 FAILURE Row 431: Book has no title.
2024-02-27 18:42:27 FAILURE Row 432: Book has no title.
2024-02-27 18:42:27 FAILURE Failed to connect themes to books: SQLSTATE[23000]: Integrity constraint violation: 1062 Duplicate entry '5-122' for key 'theme_id'
2024-02-27 18:42:27 INFO Script finished
2024-02-27 18:42:27 INFO Run time in minutes: 0.8404412150383
2024-02-27 18:42:27 INFO Number of queries run: 6060
2024-02-27 18:48:28 INFO -->-->-->--> SCRIPT STARTED <--<--<--<--
2024-02-27 18:48:28 INFO Database cleared
2024-02-27 18:49:19 FAILURE Row 431: Book has no title.
2024-02-27 18:49:19 FAILURE Row 432: Book has no title.
2024-02-27 18:49:19 FAILURE Failed to connect themes to books: SQLSTATE[23000]: Integrity constraint violation: 1062 Duplicate entry '5-122' for key 'theme_id'
2024-02-27 18:49:19 INFO Script finished
2024-02-27 18:49:19 INFO Run time in minutes: 0.84621003468831
2024-02-27 18:49:19 INFO Number of queries run: 6060
2024-02-27 18:53:00 INFO -->-->-->--> SCRIPT STARTED <--<--<--<--
2024-02-27 18:53:00 INFO Database cleared
2024-02-27 18:53:01 INFO Script finished
2024-02-27 18:53:01 INFO Run time in minutes: 0.020792599519094
2024-02-27 18:53:01 INFO Number of queries run: 208
2024-02-27 18:53:09 INFO -->-->-->--> SCRIPT STARTED <--<--<--<--
2024-02-27 18:53:09 INFO Database cleared
2024-02-27 18:53:11 INFO Script finished
2024-02-27 18:53:11 INFO Run time in minutes: 0.037183082103729
2024-02-27 18:53:11 INFO Number of queries run: 208
2024-02-27 18:54:23 INFO -->-->-->--> SCRIPT STARTED <--<--<--<--
2024-02-27 18:54:23 INFO Database cleared
2024-02-27 18:55:04 FAILURE Failed to connect themes to books: SQLSTATE[23000]: Integrity constraint violation: 1062 Duplicate entry '5-122' for key 'theme_id'
2024-02-27 18:55:04 INFO Script finished
2024-02-27 18:55:04 INFO Run time in minutes: 0.69194808403651
2024-02-27 18:55:04 INFO Number of queries run: 6060
2024-02-27 18:56:28 INFO -->-->-->--> SCRIPT STARTED <--<--<--<--
2024-02-27 18:56:28 INFO Database cleared
2024-02-27 18:57:30 FAILURE Failed to connect themes to books: SQLSTATE[23000]: Integrity constraint violation: 1062 Duplicate entry '5-122' for key 'theme_id'
2024-02-27 18:57:30 INFO Script finished
2024-02-27 18:57:30 INFO Run time in minutes: 1.032798465093
2024-02-27 18:57:30 INFO Number of queries run: 6060
2024-02-27 19:01:30 INFO -->-->-->--> SCRIPT STARTED <--<--<--<--
2024-02-27 19:01:30 INFO Database cleared
2024-02-27 19:03:49 INFO -->-->-->--> SCRIPT STARTED <--<--<--<--
2024-02-27 19:03:49 INFO Database cleared
2024-02-27 19:04:48 INFO Script finished
2024-02-27 19:04:48 INFO Run time in minutes: 0.98538378079732
2024-02-27 19:04:48 INFO Number of queries run: 6059
2024-02-29 22:28:55 INFO -->-->-->--> SCRIPT STARTED <--<--<--<--
2024-02-29 22:28:55 INFO Database cleared
2024-02-29 22:30:20 INFO -->-->-->--> SCRIPT STARTED <--<--<--<--
2024-02-29 22:30:31 INFO -->-->-->--> SCRIPT STARTED <--<--<--<--
2024-02-29 22:31:20 INFO -->-->-->--> SCRIPT STARTED <--<--<--<--
2024-02-29 22:32:33 INFO -->-->-->--> SCRIPT STARTED <--<--<--<--
2024-02-29 22:32:33 INFO Database cleared
2024-02-29 22:33:21 INFO Script finished
2024-02-29 22:33:21 INFO Run time in minutes: 0.78621188402176
2024-02-29 22:33:21 INFO Number of queries run: 6059
2024-03-06 16:38:34 INFO -->-->-->--> SCRIPT STARTED <--<--<--<--
2024-03-06 16:38:34 INFO Database cleared
2024-03-06 16:38:58 INFO Script finished
2024-03-06 16:38:58 INFO Run time in minutes: 0.40221843322118
2024-03-06 16:38:58 INFO Number of queries run: 6059
